<?xml version="1.0" encoding="UTF-8"?>
<!-- Generated by org.testng.reporters.JUnitXMLReporter -->
<testsuite ignored="0" hostname="DESKTOP-KNJSM01" failures="0" tests="3" name="Automation Practice Tests" time="58.961" errors="0" timestamp="29 jun. 2021 14:57:24 GMT">
  <testcase classname="tests.automationpractice.HomePageTests" name="elementsPresent" time="5.349"/>
  <testcase classname="tests.automationpractice.HomePageTests" name="pressButtonSigninSuccess" time="7.139"/>
  <testcase classname="tests.automationpractice.HomePageTests" name="searchSuccess" time="6.291"/>
</testsuite> <!-- Automation Practice Tests -->
